<?xml version="1.0" encoding="UTF-8"?>
<testsuite name="test" tests="7" skipped="0" failures="0" errors="0" timestamp="2018-10-14T08:15:03" hostname="Peterles-MacBook-4.local" time="0.082">
  <properties/>
  <testcase name="QuestionRunTest()" classname="test" time="0.026"/>
  <testcase name="WrongAnsTestFalse()" classname="test" time="0.02"/>
  <testcase name="QuestionConsTest()" classname="test" time="0.002"/>
  <testcase name="AnswerRun()" classname="test" time="0.003"/>
  <testcase name="QuestionRunNULLTest()" classname="test" time="0.004"/>
  <testcase name="WrongAnsTestTrue()" classname="test" time="0.003"/>
  <testcase name="SerializeTest()" classname="test" time="0.009"/>
  <system-out><![CDATA[Piros?
Mire gondoltal?
Mond egy krdest amire az igen valasz: Citrom
A kedes: Citrus fele?
Auto
Mire gondoltal?
Mond egy krdest amire az igen valasz: Ferrari
A kedes: Auto?
]]></system-out>
  <system-err><![CDATA[]]></system-err>
</testsuite>
